New log file opened at Sun Sep 13 22:03:37 CEST 2015 by 10377@ubuntu-desktop
Taking next connection to: 56697
New client attempting to connect on port: 57681-56697
  Address = /127.0.1.1:56697
This client on port 57681 has uuid 05950e47-ca5c-4d50-bddd-21e60a7b5cb7 configName activator humanReadableName Activator protocolVersion 3 featureTags Vector()
Connected Clients: activator-05950e47-ca5c-4d50-bddd-21e60a7b5cb7
Taking next connection to: 56697
Checking to see if clients are empty...
We have 1 non-daemon clients, continuing serving connections.
Taking next connection to: 56697
Checking to see if clients are empty...
We have 1 non-daemon clients, continuing serving connections.
Taking next connection to: 56697
Checking to see if clients are empty...
We have 1 non-daemon clients, continuing serving connections.
Taking next connection to: 56697
Checking to see if clients are empty...
We have 1 non-daemon clients, continuing serving connections.
Taking next connection to: 56697
Checking to see if clients are empty...
We have 1 non-daemon clients, continuing serving connections.
Taking next connection to: 56697
Checking to see if clients are empty...
We have 1 non-daemon clients, continuing serving connections.
Taking next connection to: 56697
